c:\users\dimamidus\source\repos\syssoftlab5\syssoftlab5\x64\debug\vc142.pdb
c:\users\dimamidus\source\repos\syssoftlab5\syssoftlab5\x64\debug\.netframework,version=v4.7.2.assemblyattributes.obj
c:\users\dimamidus\source\repos\syssoftlab5\syssoftlab5\x64\debug\myform.obj
d:\private\prinew\lrn\syssoft\projects\syssoftlab5\syssoftlab5\x64\debug\vc142.pdb
d:\private\prinew\lrn\syssoft\projects\syssoftlab5\syssoftlab5\x64\debug\.netframework,version=v4.7.2.assemblyattributes.obj
d:\private\prinew\lrn\syssoft\projects\syssoftlab5\syssoftlab5\x64\debug\myform.obj
c:\users\dimamidus\source\repos\syssoftlab5\x64\debug\syssoftlab5.exe
c:\users\dimamidus\source\repos\syssoftlab5\x64\debug\syssoftlab5.pdb
d:\private\prinew\lrn\syssoft\projects\syssoftlab5\x64\debug\syssoftlab5.exe
d:\private\prinew\lrn\syssoft\projects\syssoftlab5\x64\debug\syssoftlab5.pdb
c:\users\dimamidus\source\repos\syssoftlab5\syssoftlab5\x64\debug\syssoftlab5.myform.resources
d:\private\prinew\lrn\syssoft\projects\syssoftlab5\syssoftlab5\x64\debug\syssoftlab5.myform.resources
d:\private\prinew\lrn\syssoft\projects\syssoftlab5\syssoftlab5\x64\debug\syssoftlab5.tlog\cl.command.1.tlog
d:\private\prinew\lrn\syssoft\projects\syssoftlab5\syssoftlab5\x64\debug\syssoftlab5.tlog\cl.read.1.tlog
d:\private\prinew\lrn\syssoft\projects\syssoftlab5\syssoftlab5\x64\debug\syssoftlab5.tlog\cl.write.1.tlog
d:\private\prinew\lrn\syssoft\projects\syssoftlab5\syssoftlab5\x64\debug\syssoftlab5.tlog\link.command.1.tlog
d:\private\prinew\lrn\syssoft\projects\syssoftlab5\syssoftlab5\x64\debug\syssoftlab5.tlog\link.read.1.tlog
d:\private\prinew\lrn\syssoft\projects\syssoftlab5\syssoftlab5\x64\debug\syssoftlab5.tlog\link.write.1.tlog
d:\private\prinew\lrn\syssoft\projects\syssoftlab5\syssoftlab5\x64\debug\syssoftlab5.tlog\metagen.read.1.tlog
d:\private\prinew\lrn\syssoft\projects\syssoftlab5\syssoftlab5\x64\debug\syssoftlab5.tlog\metagen.write.1.tlog
d:\private\prinew\lrn\syssoft\projects\syssoftlab5\syssoftlab5\x64\debug\syssoftlab5.tlog\syssoftlab5.write.1u.tlog
